<?xml version="1.0" encoding="UTF-8"?>
<!-- Generated by org.testng.reporters.JUnitReportReporter -->
<testsuite skipped="0" hostname="DESKTOP-LTL258K" name="testcases.Login" tests="1" failures="0" timestamp="12 Oct 2019 03:52:44 GMT" time="35.793" errors="0">
  <testcase name="invalidlogin" time="35.793" classname="testcases.Login"/>
</testsuite> <!-- testcases.Login -->
